2026-03-12 11:22:06,364 INFO bot: Loaded 0 files into pool from sessions
2026-03-12 11:22:13,170 INFO bot: Bot is running.
2026-03-12 11:29:34,960 INFO bot: Loaded 0 files into pool from sessions
2026-03-12 11:29:35,873 INFO bot: Bot is running.
2026-03-12 11:51:24,529 INFO bot: Bot is running.
2026-03-12 11:51:45,582 ERROR bot: Callback error
Traceback (most recent call last):
  File "c:\Users\NAGMANI PANDEY\Downloads\tg\project\bot.py", line 185, in on_callback
    txs = await db.get_transactions(event.sender_id)
                ^^^^^^^^^^^^^^^^^^^
AttributeError: 'Database' object has no attribute 'get_transactions'
2026-03-12 12:02:24,668 INFO bot: Bot is running.
2026-03-12 12:08:02,985 ERROR bot: Callback error
Traceback (most recent call last):
  File "c:\Users\NAGMANI PANDEY\Downloads\tg\project\bot.py", line 185, in on_callback
    txs = await db.get_transactions(event.sender_id)
                ^^^^^^^^^^^^^^^^^^^
AttributeError: 'Database' object has no attribute 'get_transactions'
2026-03-12 12:10:42,005 INFO bot: Bot is running.
2026-03-12 12:12:00,253 ERROR bot: Callback error
Traceback (most recent call last):
  File "c:\Users\NAGMANI PANDEY\Downloads\tg\project\bot.py", line 133, in on_callback
    await handle_admin_callback(event, db, cfg.admin_ids, admin_state)
  File "c:\Users\NAGMANI PANDEY\Downloads\tg\project\admin.py", line 84, in handle_admin_callback
    txs = await db.get_all_transactions(limit=20)
                ^^^^^^^^^^^^^^^^^^^^^^^
AttributeError: 'Database' object has no attribute 'get_all_transactions'. Did you mean: 'get_transactions'?
2026-03-12 12:12:05,504 ERROR bot: Callback error
Traceback (most recent call last):
  File "c:\Users\NAGMANI PANDEY\Downloads\tg\project\bot.py", line 133, in on_callback
    await handle_admin_callback(event, db, cfg.admin_ids, admin_state)
  File "c:\Users\NAGMANI PANDEY\Downloads\tg\project\admin.py", line 84, in handle_admin_callback
    txs = await db.get_all_transactions(limit=20)
                ^^^^^^^^^^^^^^^^^^^^^^^
AttributeError: 'Database' object has no attribute 'get_all_transactions'. Did you mean: 'get_transactions'?
2026-03-12 12:13:49,628 INFO bot: Bot is running.
2026-03-12 12:19:09,891 INFO bot: Bot is running.
2026-03-12 12:36:36,788 INFO bot: Bot is running.
2026-03-12 12:59:58,471 INFO bot: Bot is running.
2026-03-12 13:13:38,687 INFO bot: Bot is running.
2026-03-12 13:23:13,706 INFO bot: Bot is running.
2026-03-12 13:23:35,499 ERROR bot: Callback error
Traceback (most recent call last):
  File "c:\Users\NAGMANI PANDEY\Downloads\tg\project\bot.py", line 396, in on_callback
    user_state[event.sender_id] = UserState(waiting_for="deposit_upi_amount", deposit_method="UPI", deposit_amount=None)
                                  ~~~~~~~~~^^^^^^^^^^^^^^^^^^^^^^^^^^^^^^^^^^^^^^^^^^^^^^^^^^^^^^^^^^^^^^^^^^^^^^^^^^^^^
TypeError: UserState.__init__() got an unexpected keyword argument 'deposit_amount'
2026-03-12 13:23:40,906 ERROR bot: Callback error
Traceback (most recent call last):
  File "c:\Users\NAGMANI PANDEY\Downloads\tg\project\bot.py", line 396, in on_callback
    user_state[event.sender_id] = UserState(waiting_for="deposit_upi_amount", deposit_method="UPI", deposit_amount=None)
                                  ~~~~~~~~~^^^^^^^^^^^^^^^^^^^^^^^^^^^^^^^^^^^^^^^^^^^^^^^^^^^^^^^^^^^^^^^^^^^^^^^^^^^^^
TypeError: UserState.__init__() got an unexpected keyword argument 'deposit_amount'
2026-03-12 13:24:28,397 ERROR bot: Callback error
Traceback (most recent call last):
  File "c:\Users\NAGMANI PANDEY\Downloads\tg\project\bot.py", line 396, in on_callback
    elif data == "u:dep_upi_submit":
    
TypeError: UserState.__init__() got an unexpected keyword argument 'deposit_amount'
2026-03-12 13:24:50,206 INFO bot: Bot is running.
2026-03-12 13:36:04,110 INFO bot: Bot is running.
2026-03-12 13:48:28,727 INFO bot: Bot is running.
